This file contains any messages produced by compilers while
running configure, to aid debugging if configure makes a mistake.

It was created by lucy configure 0.2, which was
generated by GNU Autoconf 2.69.  Invocation command line was

  $ ./configure --no-create --no-recursion

## --------- ##
## Platform. ##
## --------- ##

hostname = thunder
uname -m = x86_64
uname -r = 3.16.0-25-generic
uname -s = Linux
uname -v = #33-Ubuntu SMP Tue Nov 4 12:06:54 UTC 2014

/usr/bin/uname -p = unknown
/bin/uname -X     = unknown

/bin/arch              = unknown
/usr/bin/arch -k       = unknown
/usr/convex/getsysinfo = unknown
/usr/bin/hostinfo      = unknown
/bin/machine           = unknown
/usr/bin/oslevel       = unknown
/bin/universe          = unknown

PATH: /home/wiky/bin
PATH: /home/wiky/bin
PATH: /usr/local/sbin
PATH: /usr/local/bin
PATH: /usr/sbin
PATH: /usr/bin
PATH: /sbin
PATH: /bin
PATH: /usr/games
PATH: /usr/local/games


## ----------- ##
## Core tests. ##
## ----------- ##

configure:2492: checking for a BSD-compatible install
configure:2560: result: /usr/bin/install -c
configure:2571: checking whether build environment is sane
configure:2626: result: yes
configure:2777: checking for a thread-safe mkdir -p
configure:2816: result: /bin/mkdir -p
configure:2823: checking for gawk
configure:2839: found /usr/bin/gawk
configure:2850: result: gawk
configure:2861: checking whether make sets $(MAKE)
configure:2883: result: yes
configure:2912: checking whether make supports nested variables
configure:2929: result: yes
configure:3066: checking whether make supports nested variables
configure:3083: result: yes
configure:3154: checking for g++
configure:3170: found /usr/bin/g++
configure:3181: result: g++
configure:3208: checking for C++ compiler version
configure:3217: g++ --version >&5
g++ (Ubuntu 4.9.1-16ubuntu6) 4.9.1
Copyright (C) 2014 Free Software Foundation, Inc.
This is free software; see the source for copying conditions.  There is NO
warranty; not even for MERCHANTABILITY or FITNESS FOR A PARTICULAR PURPOSE.

configure:3228: $? = 0
configure:3217: g++ -v >&5
Using built-in specs.
COLLECT_GCC=g++
COLLECT_LTO_WRAPPER=/usr/lib/gcc/x86_64-linux-gnu/4.9/lto-wrapper
Target: x86_64-linux-gnu
Configured with: ../src/configure -v --with-pkgversion='Ubuntu 4.9.1-16ubuntu6' --with-bugurl=file:///usr/share/doc/gcc-4.9/README.Bugs --enable-languages=c,c++,java,go,d,fortran,objc,obj-c++ --prefix=/usr --program-suffix=-4.9 --enable-shared --enable-linker-build-id --libexecdir=/usr/lib --without-included-gettext --enable-threads=posix --with-gxx-include-dir=/usr/include/c++/4.9 --libdir=/usr/lib --enable-nls --with-sysroot=/ --enable-clocale=gnu --enable-libstdcxx-debug --enable-libstdcxx-time=yes --enable-gnu-unique-object --disable-vtable-verify --enable-plugin --with-system-zlib --disable-browser-plugin --enable-java-awt=gtk --enable-gtk-cairo --with-java-home=/usr/lib/jvm/java-1.5.0-gcj-4.9-amd64/jre --enable-java-home --with-jvm-root-dir=/usr/lib/jvm/java-1.5.0-gcj-4.9-amd64 --with-jvm-jar-dir=/usr/lib/jvm-exports/java-1.5.0-gcj-4.9-amd64 --with-arch-directory=amd64 --with-ecj-jar=/usr/share/java/eclipse-ecj.jar --enable-objc-gc --enable-multiarch --disable-werror --with-arch-32=i686 --with-abi=m64 --with-multilib-list=m32,m64,mx32 --enable-multilib --with-tune=generic --enable-checking=release --build=x86_64-linux-gnu --host=x86_64-linux-gnu --target=x86_64-linux-gnu
Thread model: posix
gcc version 4.9.1 (Ubuntu 4.9.1-16ubuntu6) 
configure:3228: $? = 0
configure:3217: g++ -V >&5
g++: error: unrecognized command line option '-V'
g++: fatal error: no input files
compilation terminated.
configure:3228: $? = 4
configure:3217: g++ -qversion >&5
g++: error: unrecognized command line option '-qversion'
g++: fatal error: no input files
compilation terminated.
configure:3228: $? = 4
configure:3248: checking whether the C++ compiler works
configure:3270: g++    conftest.cpp  >&5
configure:3274: $? = 0
configure:3322: result: yes
configure:3325: checking for C++ compiler default output file name
configure:3327: result: a.out
configure:3333: checking for suffix of executables
configure:3340: g++ -o conftest    conftest.cpp  >&5
configure:3344: $? = 0
configure:3366: result: 
configure:3388: checking whether we are cross compiling
configure:3396: g++ -o conftest    conftest.cpp  >&5
configure:3400: $? = 0
configure:3407: ./conftest
configure:3411: $? = 0
configure:3426: result: no
configure:3431: checking for suffix of object files
configure:3453: g++ -c   conftest.cpp >&5
configure:3457: $? = 0
configure:3478: result: o
configure:3482: checking whether we are using the GNU C++ compiler
configure:3501: g++ -c   conftest.cpp >&5
configure:3501: $? = 0
configure:3510: result: yes
configure:3519: checking whether g++ accepts -g
configure:3539: g++ -c -g  conftest.cpp >&5
configure:3539: $? = 0
configure:3580: result: yes
configure:3614: checking for style of include used by make
configure:3642: result: GNU
configure:3668: checking dependency style of g++
configure:3779: result: gcc3
configure:3842: checking for gcc
configure:3858: found /usr/bin/gcc
configure:3869: result: gcc
configure:4098: checking for C compiler version
configure:4107: gcc --version >&5
gcc (Ubuntu 4.9.1-16ubuntu6) 4.9.1
Copyright (C) 2014 Free Software Foundation, Inc.
This is free software; see the source for copying conditions.  There is NO
warranty; not even for MERCHANTABILITY or FITNESS FOR A PARTICULAR PURPOSE.

configure:4118: $? = 0
configure:4107: gcc -v >&5
Using built-in specs.
COLLECT_GCC=gcc
COLLECT_LTO_WRAPPER=/usr/lib/gcc/x86_64-linux-gnu/4.9/lto-wrapper
Target: x86_64-linux-gnu
Configured with: ../src/configure -v --with-pkgversion='Ubuntu 4.9.1-16ubuntu6' --with-bugurl=file:///usr/share/doc/gcc-4.9/README.Bugs --enable-languages=c,c++,java,go,d,fortran,objc,obj-c++ --prefix=/usr --program-suffix=-4.9 --enable-shared --enable-linker-build-id --libexecdir=/usr/lib --without-included-gettext --enable-threads=posix --with-gxx-include-dir=/usr/include/c++/4.9 --libdir=/usr/lib --enable-nls --with-sysroot=/ --enable-clocale=gnu --enable-libstdcxx-debug --enable-libstdcxx-time=yes --enable-gnu-unique-object --disable-vtable-verify --enable-plugin --with-system-zlib --disable-browser-plugin --enable-java-awt=gtk --enable-gtk-cairo --with-java-home=/usr/lib/jvm/java-1.5.0-gcj-4.9-amd64/jre --enable-java-home --with-jvm-root-dir=/usr/lib/jvm/java-1.5.0-gcj-4.9-amd64 --with-jvm-jar-dir=/usr/lib/jvm-exports/java-1.5.0-gcj-4.9-amd64 --with-arch-directory=amd64 --with-ecj-jar=/usr/share/java/eclipse-ecj.jar --enable-objc-gc --enable-multiarch --disable-werror --with-arch-32=i686 --with-abi=m64 --with-multilib-list=m32,m64,mx32 --enable-multilib --with-tune=generic --enable-checking=release --build=x86_64-linux-gnu --host=x86_64-linux-gnu --target=x86_64-linux-gnu
Thread model: posix
gcc version 4.9.1 (Ubuntu 4.9.1-16ubuntu6) 
configure:4118: $? = 0
configure:4107: gcc -V >&5
gcc: error: unrecognized command line option '-V'
gcc: fatal error: no input files
compilation terminated.
configure:4118: $? = 4
configure:4107: gcc -qversion >&5
gcc: error: unrecognized command line option '-qversion'
gcc: fatal error: no input files
compilation terminated.
configure:4118: $? = 4
configure:4122: checking whether we are using the GNU C compiler
configure:4141: gcc -c   conftest.c >&5
configure:4141: $? = 0
configure:4150: result: yes
configure:4159: checking whether gcc accepts -g
configure:4179: gcc -c -g  conftest.c >&5
configure:4179: $? = 0
configure:4220: result: yes
configure:4237: checking for gcc option to accept ISO C89
configure:4300: gcc  -c -g -O2  conftest.c >&5
configure:4300: $? = 0
configure:4313: result: none needed
configure:4338: checking whether gcc understands -c and -o together
configure:4360: gcc -c conftest.c -o conftest2.o
configure:4363: $? = 0
configure:4360: gcc -c conftest.c -o conftest2.o
configure:4363: $? = 0
configure:4375: result: yes
configure:4394: checking dependency style of gcc
configure:4505: result: gcc3
configure:4520: checking whether make sets $(MAKE)
configure:4542: result: yes
configure:4594: checking for ranlib
configure:4610: found /usr/bin/ranlib
configure:4621: result: ranlib
configure:4699: checking for pkg-config
configure:4717: found /usr/bin/pkg-config
configure:4729: result: /usr/bin/pkg-config
configure:4754: checking pkg-config is at least version 0.9.0
configure:4757: result: yes
configure:4767: checking for LUCY
configure:4778: $PKG_CONFIG --exists --print-errors "gtk+-3.0
				  libssl
				  libzip
				  libnotify
				  json-glib-1.0"
configure:4785: $? = 0
configure:4807: $PKG_CONFIG --exists --print-errors "gtk+-3.0
				  libssl
				  libzip
				  libnotify
				  json-glib-1.0"
configure:4814: $? = 0
configure:4888: result: yes
configure:4900: checking how to run the C preprocessor
configure:4931: gcc -E  conftest.c
configure:4931: $? = 0
configure:4945: gcc -E  conftest.c
conftest.c:11:28: fatal error: ac_nonexistent.h: No such file or directory
 #include <ac_nonexistent.h>
                            ^
compilation terminated.
configure:4945: $? = 1
configure: failed program was:
| /* confdefs.h */
| #define PACKAGE_NAME "lucy"
| #define PACKAGE_TARNAME "lucy"
| #define PACKAGE_VERSION "0.2"
| #define PACKAGE_STRING "lucy 0.2"
| #define PACKAGE_BUGREPORT ""
| #define PACKAGE_URL ""
| #define PACKAGE "lucy"
| #define VERSION "0.2"
| /* end confdefs.h.  */
| #include <ac_nonexistent.h>
configure:4970: result: gcc -E
configure:4990: gcc -E  conftest.c
configure:4990: $? = 0
configure:5004: gcc -E  conftest.c
conftest.c:11:28: fatal error: ac_nonexistent.h: No such file or directory
 #include <ac_nonexistent.h>
                            ^
compilation terminated.
configure:5004: $? = 1
configure: failed program was:
| /* confdefs.h */
| #define PACKAGE_NAME "lucy"
| #define PACKAGE_TARNAME "lucy"
| #define PACKAGE_VERSION "0.2"
| #define PACKAGE_STRING "lucy 0.2"
| #define PACKAGE_BUGREPORT ""
| #define PACKAGE_URL ""
| #define PACKAGE "lucy"
| #define VERSION "0.2"
| /* end confdefs.h.  */
| #include <ac_nonexistent.h>
configure:5033: checking for grep that handles long lines and -e
configure:5091: result: /bin/grep
configure:5096: checking for egrep
configure:5158: result: /bin/grep -E
configure:5163: checking for ANSI C header files
configure:5183: gcc -c -g -O2  conftest.c >&5
configure:5183: $? = 0
configure:5256: gcc -o conftest -g -O2   conftest.c  >&5
configure:5256: $? = 0
configure:5256: ./conftest
configure:5256: $? = 0
configure:5267: result: yes
configure:5280: checking for sys/types.h
configure:5280: gcc -c -g -O2  conftest.c >&5
configure:5280: $? = 0
configure:5280: result: yes
configure:5280: checking for sys/stat.h
configure:5280: gcc -c -g -O2  conftest.c >&5
configure:5280: $? = 0
configure:5280: result: yes
configure:5280: checking for stdlib.h
configure:5280: gcc -c -g -O2  conftest.c >&5
configure:5280: $? = 0
configure:5280: result: yes
configure:5280: checking for string.h
configure:5280: gcc -c -g -O2  conftest.c >&5
configure:5280: $? = 0
configure:5280: result: yes
configure:5280: checking for memory.h
configure:5280: gcc -c -g -O2  conftest.c >&5
configure:5280: $? = 0
configure:5280: result: yes
configure:5280: checking for strings.h
configure:5280: gcc -c -g -O2  conftest.c >&5
configure:5280: $? = 0
configure:5280: result: yes
configure:5280: checking for inttypes.h
configure:5280: gcc -c -g -O2  conftest.c >&5
configure:5280: $? = 0
configure:5280: result: yes
configure:5280: checking for stdint.h
configure:5280: gcc -c -g -O2  conftest.c >&5
configure:5280: $? = 0
configure:5280: result: yes
configure:5280: checking for unistd.h
configure:5280: gcc -c -g -O2  conftest.c >&5
configure:5280: $? = 0
configure:5280: result: yes
configure:5295: checking arpa/inet.h usability
configure:5295: gcc -c -g -O2  conftest.c >&5
configure:5295: $? = 0
configure:5295: result: yes
configure:5295: checking arpa/inet.h presence
configure:5295: gcc -E  conftest.c
configure:5295: $? = 0
configure:5295: result: yes
configure:5295: checking for arpa/inet.h
configure:5295: result: yes
configure:5295: checking fcntl.h usability
configure:5295: gcc -c -g -O2  conftest.c >&5
configure:5295: $? = 0
configure:5295: result: yes
configure:5295: checking fcntl.h presence
configure:5295: gcc -E  conftest.c
configure:5295: $? = 0
configure:5295: result: yes
configure:5295: checking for fcntl.h
configure:5295: result: yes
configure:5295: checking for inttypes.h
configure:5295: result: yes
configure:5295: checking limits.h usability
configure:5295: gcc -c -g -O2  conftest.c >&5
configure:5295: $? = 0
configure:5295: result: yes
configure:5295: checking limits.h presence
configure:5295: gcc -E  conftest.c
configure:5295: $? = 0
configure:5295: result: yes
configure:5295: checking for limits.h
configure:5295: result: yes
configure:5295: checking netdb.h usability
configure:5295: gcc -c -g -O2  conftest.c >&5
configure:5295: $? = 0
configure:5295: result: yes
configure:5295: checking netdb.h presence
configure:5295: gcc -E  conftest.c
configure:5295: $? = 0
configure:5295: result: yes
configure:5295: checking for netdb.h
configure:5295: result: yes
configure:5295: checking netinet/in.h usability
configure:5295: gcc -c -g -O2  conftest.c >&5
configure:5295: $? = 0
configure:5295: result: yes
configure:5295: checking netinet/in.h presence
configure:5295: gcc -E  conftest.c
configure:5295: $? = 0
configure:5295: result: yes
configure:5295: checking for netinet/in.h
configure:5295: result: yes
configure:5295: checking stddef.h usability
configure:5295: gcc -c -g -O2  conftest.c >&5
configure:5295: $? = 0
configure:5295: result: yes
configure:5295: checking stddef.h presence
configure:5295: gcc -E  conftest.c
configure:5295: $? = 0
configure:5295: result: yes
configure:5295: checking for stddef.h
configure:5295: result: yes
configure:5295: checking for stdint.h
configure:5295: result: yes
configure:5295: checking for stdlib.h
configure:5295: result: yes
configure:5295: checking for string.h
configure:5295: result: yes
configure:5295: checking sys/ioctl.h usability
configure:5295: gcc -c -g -O2  conftest.c >&5
configure:5295: $? = 0
configure:5295: result: yes
configure:5295: checking sys/ioctl.h presence
configure:5295: gcc -E  conftest.c
configure:5295: $? = 0
configure:5295: result: yes
configure:5295: checking for sys/ioctl.h
configure:5295: result: yes
configure:5295: checking sys/mount.h usability
configure:5295: gcc -c -g -O2  conftest.c >&5
configure:5295: $? = 0
configure:5295: result: yes
configure:5295: checking sys/mount.h presence
configure:5295: gcc -E  conftest.c
configure:5295: $? = 0
configure:5295: result: yes
configure:5295: checking for sys/mount.h
configure:5295: result: yes
configure:5295: checking sys/socket.h usability
configure:5295: gcc -c -g -O2  conftest.c >&5
configure:5295: $? = 0
configure:5295: result: yes
configure:5295: checking sys/socket.h presence
configure:5295: gcc -E  conftest.c
configure:5295: $? = 0
configure:5295: result: yes
configure:5295: checking for sys/socket.h
configure:5295: result: yes
configure:5295: checking sys/time.h usability
configure:5295: gcc -c -g -O2  conftest.c >&5
configure:5295: $? = 0
configure:5295: result: yes
configure:5295: checking sys/time.h presence
configure:5295: gcc -E  conftest.c
configure:5295: $? = 0
configure:5295: result: yes
configure:5295: checking for sys/time.h
configure:5295: result: yes
configure:5295: checking termios.h usability
configure:5295: gcc -c -g -O2  conftest.c >&5
configure:5295: $? = 0
configure:5295: result: yes
configure:5295: checking termios.h presence
configure:5295: gcc -E  conftest.c
configure:5295: $? = 0
configure:5295: result: yes
configure:5295: checking for termios.h
configure:5295: result: yes
configure:5295: checking for unistd.h
configure:5295: result: yes
configure:5307: checking for stdbool.h that conforms to C99
configure:5374: gcc -c -g -O2  conftest.c >&5
configure:5374: $? = 0
configure:5381: result: yes
configure:5383: checking for _Bool
configure:5383: gcc -c -g -O2  conftest.c >&5
configure:5383: $? = 0
configure:5383: gcc -c -g -O2  conftest.c >&5
conftest.c: In function 'main':
conftest.c:73:20: error: expected expression before ')' token
 if (sizeof ((_Bool)))
                    ^
configure:5383: $? = 1
configure: failed program was:
| /* confdefs.h */
| #define PACKAGE_NAME "lucy"
| #define PACKAGE_TARNAME "lucy"
| #define PACKAGE_VERSION "0.2"
| #define PACKAGE_STRING "lucy 0.2"
| #define PACKAGE_BUGREPORT ""
| #define PACKAGE_URL ""
| #define PACKAGE "lucy"
| #define VERSION "0.2"
| #define STDC_HEADERS 1
| #define HAVE_SYS_TYPES_H 1
| #define HAVE_SYS_STAT_H 1
| #define HAVE_STDLIB_H 1
| #define HAVE_STRING_H 1
| #define HAVE_MEMORY_H 1
| #define HAVE_STRINGS_H 1
| #define HAVE_INTTYPES_H 1
| #define HAVE_STDINT_H 1
| #define HAVE_UNISTD_H 1
| #define HAVE_ARPA_INET_H 1
| #define HAVE_FCNTL_H 1
| #define HAVE_INTTYPES_H 1
| #define HAVE_LIMITS_H 1
| #define HAVE_NETDB_H 1
| #define HAVE_NETINET_IN_H 1
| #define HAVE_STDDEF_H 1
| #define HAVE_STDINT_H 1
| #define HAVE_STDLIB_H 1
| #define HAVE_STRING_H 1
| #define HAVE_SYS_IOCTL_H 1
| #define HAVE_SYS_MOUNT_H 1
| #define HAVE_SYS_SOCKET_H 1
| #define HAVE_SYS_TIME_H 1
| #define HAVE_TERMIOS_H 1
| #define HAVE_UNISTD_H 1
| /* end confdefs.h.  */
| #include <stdio.h>
| #ifdef HAVE_SYS_TYPES_H
| # include <sys/types.h>
| #endif
| #ifdef HAVE_SYS_STAT_H
| # include <sys/stat.h>
| #endif
| #ifdef STDC_HEADERS
| # include <stdlib.h>
| # include <stddef.h>
| #else
| # ifdef HAVE_STDLIB_H
| #  include <stdlib.h>
| # endif
| #endif
| #ifdef HAVE_STRING_H
| # if !defined STDC_HEADERS && defined HAVE_MEMORY_H
| #  include <memory.h>
| # endif
| # include <string.h>
| #endif
| #ifdef HAVE_STRINGS_H
| # include <strings.h>
| #endif
| #ifdef HAVE_INTTYPES_H
| # include <inttypes.h>
| #endif
| #ifdef HAVE_STDINT_H
| # include <stdint.h>
| #endif
| #ifdef HAVE_UNISTD_H
| # include <unistd.h>
| #endif
| int
| main ()
| {
| if (sizeof ((_Bool)))
| 	    return 0;
|   ;
|   return 0;
| }
configure:5383: result: yes
configure:5394: checking for uid_t in sys/types.h
configure:5413: result: yes
configure:5424: checking for inline
configure:5440: gcc -c -g -O2  conftest.c >&5
configure:5440: $? = 0
configure:5448: result: inline
configure:5466: checking for int64_t
configure:5466: gcc -c -g -O2  conftest.c >&5
configure:5466: $? = 0
configure:5466: gcc -c -g -O2  conftest.c >&5
conftest.c: In function 'main':
conftest.c:76:53: warning: integer overflow in expression [-Woverflow]
    < (int64_t) (((((int64_t) 1 << N) << N) - 1) * 2 + 2))];
                                                     ^
conftest.c:75:12: error: storage size of 'test_array' isn't constant
 static int test_array [1 - 2 * !((int64_t) (((((int64_t) 1 << N) << N) - 1) * 2 + 1)
            ^
configure:5466: $? = 1
configure: failed program was:
| /* confdefs.h */
| #define PACKAGE_NAME "lucy"
| #define PACKAGE_TARNAME "lucy"
| #define PACKAGE_VERSION "0.2"
| #define PACKAGE_STRING "lucy 0.2"
| #define PACKAGE_BUGREPORT ""
| #define PACKAGE_URL ""
| #define PACKAGE "lucy"
| #define VERSION "0.2"
| #define STDC_HEADERS 1
| #define HAVE_SYS_TYPES_H 1
| #define HAVE_SYS_STAT_H 1
| #define HAVE_STDLIB_H 1
| #define HAVE_STRING_H 1
| #define HAVE_MEMORY_H 1
| #define HAVE_STRINGS_H 1
| #define HAVE_INTTYPES_H 1
| #define HAVE_STDINT_H 1
| #define HAVE_UNISTD_H 1
| #define HAVE_ARPA_INET_H 1
| #define HAVE_FCNTL_H 1
| #define HAVE_INTTYPES_H 1
| #define HAVE_LIMITS_H 1
| #define HAVE_NETDB_H 1
| #define HAVE_NETINET_IN_H 1
| #define HAVE_STDDEF_H 1
| #define HAVE_STDINT_H 1
| #define HAVE_STDLIB_H 1
| #define HAVE_STRING_H 1
| #define HAVE_SYS_IOCTL_H 1
| #define HAVE_SYS_MOUNT_H 1
| #define HAVE_SYS_SOCKET_H 1
| #define HAVE_SYS_TIME_H 1
| #define HAVE_TERMIOS_H 1
| #define HAVE_UNISTD_H 1
| #define HAVE__BOOL 1
| /* end confdefs.h.  */
| #include <stdio.h>
| #ifdef HAVE_SYS_TYPES_H
| # include <sys/types.h>
| #endif
| #ifdef HAVE_SYS_STAT_H
| # include <sys/stat.h>
| #endif
| #ifdef STDC_HEADERS
| # include <stdlib.h>
| # include <stddef.h>
| #else
| # ifdef HAVE_STDLIB_H
| #  include <stdlib.h>
| # endif
| #endif
| #ifdef HAVE_STRING_H
| # if !defined STDC_HEADERS && defined HAVE_MEMORY_H
| #  include <memory.h>
| # endif
| # include <string.h>
| #endif
| #ifdef HAVE_STRINGS_H
| # include <strings.h>
| #endif
| #ifdef HAVE_INTTYPES_H
| # include <inttypes.h>
| #endif
| #ifdef HAVE_STDINT_H
| # include <stdint.h>
| #endif
| #ifdef HAVE_UNISTD_H
| # include <unistd.h>
| #endif
| 	        enum { N = 64 / 2 - 1 };
| int
| main ()
| {
| static int test_array [1 - 2 * !((int64_t) (((((int64_t) 1 << N) << N) - 1) * 2 + 1)
| 		 < (int64_t) (((((int64_t) 1 << N) << N) - 1) * 2 + 2))];
| test_array [0] = 0;
| return test_array [0];
| 
|   ;
|   return 0;
| }
configure:5466: result: yes
configure:5477: checking for mode_t
configure:5477: gcc -c -g -O2  conftest.c >&5
configure:5477: $? = 0
configure:5477: gcc -c -g -O2  conftest.c >&5
conftest.c: In function 'main':
conftest.c:74:21: error: expected expression before ')' token
 if (sizeof ((mode_t)))
                     ^
configure:5477: $? = 1
configure: failed program was:
| /* confdefs.h */
| #define PACKAGE_NAME "lucy"
| #define PACKAGE_TARNAME "lucy"
| #define PACKAGE_VERSION "0.2"
| #define PACKAGE_STRING "lucy 0.2"
| #define PACKAGE_BUGREPORT ""
| #define PACKAGE_URL ""
| #define PACKAGE "lucy"
| #define VERSION "0.2"
| #define STDC_HEADERS 1
| #define HAVE_SYS_TYPES_H 1
| #define HAVE_SYS_STAT_H 1
| #define HAVE_STDLIB_H 1
| #define HAVE_STRING_H 1
| #define HAVE_MEMORY_H 1
| #define HAVE_STRINGS_H 1
| #define HAVE_INTTYPES_H 1
| #define HAVE_STDINT_H 1
| #define HAVE_UNISTD_H 1
| #define HAVE_ARPA_INET_H 1
| #define HAVE_FCNTL_H 1
| #define HAVE_INTTYPES_H 1
| #define HAVE_LIMITS_H 1
| #define HAVE_NETDB_H 1
| #define HAVE_NETINET_IN_H 1
| #define HAVE_STDDEF_H 1
| #define HAVE_STDINT_H 1
| #define HAVE_STDLIB_H 1
| #define HAVE_STRING_H 1
| #define HAVE_SYS_IOCTL_H 1
| #define HAVE_SYS_MOUNT_H 1
| #define HAVE_SYS_SOCKET_H 1
| #define HAVE_SYS_TIME_H 1
| #define HAVE_TERMIOS_H 1
| #define HAVE_UNISTD_H 1
| #define HAVE__BOOL 1
| /* end confdefs.h.  */
| #include <stdio.h>
| #ifdef HAVE_SYS_TYPES_H
| # include <sys/types.h>
| #endif
| #ifdef HAVE_SYS_STAT_H
| # include <sys/stat.h>
| #endif
| #ifdef STDC_HEADERS
| # include <stdlib.h>
| # include <stddef.h>
| #else
| # ifdef HAVE_STDLIB_H
| #  include <stdlib.h>
| # endif
| #endif
| #ifdef HAVE_STRING_H
| # if !defined STDC_HEADERS && defined HAVE_MEMORY_H
| #  include <memory.h>
| # endif
| # include <string.h>
| #endif
| #ifdef HAVE_STRINGS_H
| # include <strings.h>
| #endif
| #ifdef HAVE_INTTYPES_H
| # include <inttypes.h>
| #endif
| #ifdef HAVE_STDINT_H
| # include <stdint.h>
| #endif
| #ifdef HAVE_UNISTD_H
| # include <unistd.h>
| #endif
| int
| main ()
| {
| if (sizeof ((mode_t)))
| 	    return 0;
|   ;
|   return 0;
| }
configure:5477: result: yes
configure:5488: checking for pid_t
configure:5488: gcc -c -g -O2  conftest.c >&5
configure:5488: $? = 0
configure:5488: gcc -c -g -O2  conftest.c >&5
conftest.c: In function 'main':
conftest.c:74:20: error: expected expression before ')' token
 if (sizeof ((pid_t)))
                    ^
configure:5488: $? = 1
configure: failed program was:
| /* confdefs.h */
| #define PACKAGE_NAME "lucy"
| #define PACKAGE_TARNAME "lucy"
| #define PACKAGE_VERSION "0.2"
| #define PACKAGE_STRING "lucy 0.2"
| #define PACKAGE_BUGREPORT ""
| #define PACKAGE_URL ""
| #define PACKAGE "lucy"
| #define VERSION "0.2"
| #define STDC_HEADERS 1
| #define HAVE_SYS_TYPES_H 1
| #define HAVE_SYS_STAT_H 1
| #define HAVE_STDLIB_H 1
| #define HAVE_STRING_H 1
| #define HAVE_MEMORY_H 1
| #define HAVE_STRINGS_H 1
| #define HAVE_INTTYPES_H 1
| #define HAVE_STDINT_H 1
| #define HAVE_UNISTD_H 1
| #define HAVE_ARPA_INET_H 1
| #define HAVE_FCNTL_H 1
| #define HAVE_INTTYPES_H 1
| #define HAVE_LIMITS_H 1
| #define HAVE_NETDB_H 1
| #define HAVE_NETINET_IN_H 1
| #define HAVE_STDDEF_H 1
| #define HAVE_STDINT_H 1
| #define HAVE_STDLIB_H 1
| #define HAVE_STRING_H 1
| #define HAVE_SYS_IOCTL_H 1
| #define HAVE_SYS_MOUNT_H 1
| #define HAVE_SYS_SOCKET_H 1
| #define HAVE_SYS_TIME_H 1
| #define HAVE_TERMIOS_H 1
| #define HAVE_UNISTD_H 1
| #define HAVE__BOOL 1
| /* end confdefs.h.  */
| #include <stdio.h>
| #ifdef HAVE_SYS_TYPES_H
| # include <sys/types.h>
| #endif
| #ifdef HAVE_SYS_STAT_H
| # include <sys/stat.h>
| #endif
| #ifdef STDC_HEADERS
| # include <stdlib.h>
| # include <stddef.h>
| #else
| # ifdef HAVE_STDLIB_H
| #  include <stdlib.h>
| # endif
| #endif
| #ifdef HAVE_STRING_H
| # if !defined STDC_HEADERS && defined HAVE_MEMORY_H
| #  include <memory.h>
| # endif
| # include <string.h>
| #endif
| #ifdef HAVE_STRINGS_H
| # include <strings.h>
| #endif
| #ifdef HAVE_INTTYPES_H
| # include <inttypes.h>
| #endif
| #ifdef HAVE_STDINT_H
| # include <stdint.h>
| #endif
| #ifdef HAVE_UNISTD_H
| # include <unistd.h>
| #endif
| int
| main ()
| {
| if (sizeof ((pid_t)))
| 	    return 0;
|   ;
|   return 0;
| }
configure:5488: result: yes
configure:5499: checking for size_t
configure:5499: gcc -c -g -O2  conftest.c >&5
configure:5499: $? = 0
configure:5499: gcc -c -g -O2  conftest.c >&5
conftest.c: In function 'main':
conftest.c:74:21: error: expected expression before ')' token
 if (sizeof ((size_t)))
                     ^
configure:5499: $? = 1
configure: failed program was:
| /* confdefs.h */
| #define PACKAGE_NAME "lucy"
| #define PACKAGE_TARNAME "lucy"
| #define PACKAGE_VERSION "0.2"
| #define PACKAGE_STRING "lucy 0.2"
| #define PACKAGE_BUGREPORT ""
| #define PACKAGE_URL ""
| #define PACKAGE "lucy"
| #define VERSION "0.2"
| #define STDC_HEADERS 1
| #define HAVE_SYS_TYPES_H 1
| #define HAVE_SYS_STAT_H 1
| #define HAVE_STDLIB_H 1
| #define HAVE_STRING_H 1
| #define HAVE_MEMORY_H 1
| #define HAVE_STRINGS_H 1
| #define HAVE_INTTYPES_H 1
| #define HAVE_STDINT_H 1
| #define HAVE_UNISTD_H 1
| #define HAVE_ARPA_INET_H 1
| #define HAVE_FCNTL_H 1
| #define HAVE_INTTYPES_H 1
| #define HAVE_LIMITS_H 1
| #define HAVE_NETDB_H 1
| #define HAVE_NETINET_IN_H 1
| #define HAVE_STDDEF_H 1
| #define HAVE_STDINT_H 1
| #define HAVE_STDLIB_H 1
| #define HAVE_STRING_H 1
| #define HAVE_SYS_IOCTL_H 1
| #define HAVE_SYS_MOUNT_H 1
| #define HAVE_SYS_SOCKET_H 1
| #define HAVE_SYS_TIME_H 1
| #define HAVE_TERMIOS_H 1
| #define HAVE_UNISTD_H 1
| #define HAVE__BOOL 1
| /* end confdefs.h.  */
| #include <stdio.h>
| #ifdef HAVE_SYS_TYPES_H
| # include <sys/types.h>
| #endif
| #ifdef HAVE_SYS_STAT_H
| # include <sys/stat.h>
| #endif
| #ifdef STDC_HEADERS
| # include <stdlib.h>
| # include <stddef.h>
| #else
| # ifdef HAVE_STDLIB_H
| #  include <stdlib.h>
| # endif
| #endif
| #ifdef HAVE_STRING_H
| # if !defined STDC_HEADERS && defined HAVE_MEMORY_H
| #  include <memory.h>
| # endif
| # include <string.h>
| #endif
| #ifdef HAVE_STRINGS_H
| # include <strings.h>
| #endif
| #ifdef HAVE_INTTYPES_H
| # include <inttypes.h>
| #endif
| #ifdef HAVE_STDINT_H
| # include <stdint.h>
| #endif
| #ifdef HAVE_UNISTD_H
| # include <unistd.h>
| #endif
| int
| main ()
| {
| if (sizeof ((size_t)))
| 	    return 0;
|   ;
|   return 0;
| }
configure:5499: result: yes
configure:5510: checking for ssize_t
configure:5510: gcc -c -g -O2  conftest.c >&5
configure:5510: $? = 0
configure:5510: gcc -c -g -O2  conftest.c >&5
conftest.c: In function 'main':
conftest.c:74:22: error: expected expression before ')' token
 if (sizeof ((ssize_t)))
                      ^
configure:5510: $? = 1
configure: failed program was:
| /* confdefs.h */
| #define PACKAGE_NAME "lucy"
| #define PACKAGE_TARNAME "lucy"
| #define PACKAGE_VERSION "0.2"
| #define PACKAGE_STRING "lucy 0.2"
| #define PACKAGE_BUGREPORT ""
| #define PACKAGE_URL ""
| #define PACKAGE "lucy"
| #define VERSION "0.2"
| #define STDC_HEADERS 1
| #define HAVE_SYS_TYPES_H 1
| #define HAVE_SYS_STAT_H 1
| #define HAVE_STDLIB_H 1
| #define HAVE_STRING_H 1
| #define HAVE_MEMORY_H 1
| #define HAVE_STRINGS_H 1
| #define HAVE_INTTYPES_H 1
| #define HAVE_STDINT_H 1
| #define HAVE_UNISTD_H 1
| #define HAVE_ARPA_INET_H 1
| #define HAVE_FCNTL_H 1
| #define HAVE_INTTYPES_H 1
| #define HAVE_LIMITS_H 1
| #define HAVE_NETDB_H 1
| #define HAVE_NETINET_IN_H 1
| #define HAVE_STDDEF_H 1
| #define HAVE_STDINT_H 1
| #define HAVE_STDLIB_H 1
| #define HAVE_STRING_H 1
| #define HAVE_SYS_IOCTL_H 1
| #define HAVE_SYS_MOUNT_H 1
| #define HAVE_SYS_SOCKET_H 1
| #define HAVE_SYS_TIME_H 1
| #define HAVE_TERMIOS_H 1
| #define HAVE_UNISTD_H 1
| #define HAVE__BOOL 1
| /* end confdefs.h.  */
| #include <stdio.h>
| #ifdef HAVE_SYS_TYPES_H
| # include <sys/types.h>
| #endif
| #ifdef HAVE_SYS_STAT_H
| # include <sys/stat.h>
| #endif
| #ifdef STDC_HEADERS
| # include <stdlib.h>
| # include <stddef.h>
| #else
| # ifdef HAVE_STDLIB_H
| #  include <stdlib.h>
| # endif
| #endif
| #ifdef HAVE_STRING_H
| # if !defined STDC_HEADERS && defined HAVE_MEMORY_H
| #  include <memory.h>
| # endif
| # include <string.h>
| #endif
| #ifdef HAVE_STRINGS_H
| # include <strings.h>
| #endif
| #ifdef HAVE_INTTYPES_H
| # include <inttypes.h>
| #endif
| #ifdef HAVE_STDINT_H
| # include <stdint.h>
| #endif
| #ifdef HAVE_UNISTD_H
| # include <unistd.h>
| #endif
| int
| main ()
| {
| if (sizeof ((ssize_t)))
| 	    return 0;
|   ;
|   return 0;
| }
configure:5510: result: yes
configure:5521: checking for struct stat.st_rdev
configure:5521: gcc -c -g -O2  conftest.c >&5
configure:5521: $? = 0
configure:5521: result: yes
configure:5531: checking for uint32_t
configure:5531: gcc -c -g -O2  conftest.c >&5
configure:5531: $? = 0
configure:5531: result: yes
configure:5545: checking for uint64_t
configure:5545: gcc -c -g -O2  conftest.c >&5
configure:5545: $? = 0
configure:5545: result: yes
configure:5559: checking for uint8_t
configure:5559: gcc -c -g -O2  conftest.c >&5
configure:5559: $? = 0
configure:5559: result: yes
configure:5573: checking for ptrdiff_t
configure:5573: gcc -c -g -O2  conftest.c >&5
configure:5573: $? = 0
configure:5573: gcc -c -g -O2  conftest.c >&5
conftest.c: In function 'main':
conftest.c:75:24: error: expected expression before ')' token
 if (sizeof ((ptrdiff_t)))
                        ^
configure:5573: $? = 1
configure: failed program was:
| /* confdefs.h */
| #define PACKAGE_NAME "lucy"
| #define PACKAGE_TARNAME "lucy"
| #define PACKAGE_VERSION "0.2"
| #define PACKAGE_STRING "lucy 0.2"
| #define PACKAGE_BUGREPORT ""
| #define PACKAGE_URL ""
| #define PACKAGE "lucy"
| #define VERSION "0.2"
| #define STDC_HEADERS 1
| #define HAVE_SYS_TYPES_H 1
| #define HAVE_SYS_STAT_H 1
| #define HAVE_STDLIB_H 1
| #define HAVE_STRING_H 1
| #define HAVE_MEMORY_H 1
| #define HAVE_STRINGS_H 1
| #define HAVE_INTTYPES_H 1
| #define HAVE_STDINT_H 1
| #define HAVE_UNISTD_H 1
| #define HAVE_ARPA_INET_H 1
| #define HAVE_FCNTL_H 1
| #define HAVE_INTTYPES_H 1
| #define HAVE_LIMITS_H 1
| #define HAVE_NETDB_H 1
| #define HAVE_NETINET_IN_H 1
| #define HAVE_STDDEF_H 1
| #define HAVE_STDINT_H 1
| #define HAVE_STDLIB_H 1
| #define HAVE_STRING_H 1
| #define HAVE_SYS_IOCTL_H 1
| #define HAVE_SYS_MOUNT_H 1
| #define HAVE_SYS_SOCKET_H 1
| #define HAVE_SYS_TIME_H 1
| #define HAVE_TERMIOS_H 1
| #define HAVE_UNISTD_H 1
| #define HAVE__BOOL 1
| #define HAVE_STRUCT_STAT_ST_RDEV 1
| /* end confdefs.h.  */
| #include <stdio.h>
| #ifdef HAVE_SYS_TYPES_H
| # include <sys/types.h>
| #endif
| #ifdef HAVE_SYS_STAT_H
| # include <sys/stat.h>
| #endif
| #ifdef STDC_HEADERS
| # include <stdlib.h>
| # include <stddef.h>
| #else
| # ifdef HAVE_STDLIB_H
| #  include <stdlib.h>
| # endif
| #endif
| #ifdef HAVE_STRING_H
| # if !defined STDC_HEADERS && defined HAVE_MEMORY_H
| #  include <memory.h>
| # endif
| # include <string.h>
| #endif
| #ifdef HAVE_STRINGS_H
| # include <strings.h>
| #endif
| #ifdef HAVE_INTTYPES_H
| # include <inttypes.h>
| #endif
| #ifdef HAVE_STDINT_H
| # include <stdint.h>
| #endif
| #ifdef HAVE_UNISTD_H
| # include <unistd.h>
| #endif
| int
| main ()
| {
| if (sizeof ((ptrdiff_t)))
| 	    return 0;
|   ;
|   return 0;
| }
configure:5573: result: yes
configure:5587: checking for working alloca.h
configure:5604: gcc -o conftest -g -O2   conftest.c  >&5
configure:5604: $? = 0
configure:5612: result: yes
configure:5620: checking for alloca
configure:5657: gcc -o conftest -g -O2   conftest.c  >&5
configure:5657: $? = 0
configure:5665: result: yes
configure:5773: checking vfork.h usability
configure:5773: gcc -c -g -O2  conftest.c >&5
conftest.c:75:19: fatal error: vfork.h: No such file or directory
 #include <vfork.h>
                   ^
compilation terminated.
configure:5773: $? = 1
configure: failed program was:
| /* confdefs.h */
| #define PACKAGE_NAME "lucy"
| #define PACKAGE_TARNAME "lucy"
| #define PACKAGE_VERSION "0.2"
| #define PACKAGE_STRING "lucy 0.2"
| #define PACKAGE_BUGREPORT ""
| #define PACKAGE_URL ""
| #define PACKAGE "lucy"
| #define VERSION "0.2"
| #define STDC_HEADERS 1
| #define HAVE_SYS_TYPES_H 1
| #define HAVE_SYS_STAT_H 1
| #define HAVE_STDLIB_H 1
| #define HAVE_STRING_H 1
| #define HAVE_MEMORY_H 1
| #define HAVE_STRINGS_H 1
| #define HAVE_INTTYPES_H 1
| #define HAVE_STDINT_H 1
| #define HAVE_UNISTD_H 1
| #define HAVE_ARPA_INET_H 1
| #define HAVE_FCNTL_H 1
| #define HAVE_INTTYPES_H 1
| #define HAVE_LIMITS_H 1
| #define HAVE_NETDB_H 1
| #define HAVE_NETINET_IN_H 1
| #define HAVE_STDDEF_H 1
| #define HAVE_STDINT_H 1
| #define HAVE_STDLIB_H 1
| #define HAVE_STRING_H 1
| #define HAVE_SYS_IOCTL_H 1
| #define HAVE_SYS_MOUNT_H 1
| #define HAVE_SYS_SOCKET_H 1
| #define HAVE_SYS_TIME_H 1
| #define HAVE_TERMIOS_H 1
| #define HAVE_UNISTD_H 1
| #define HAVE__BOOL 1
| #define HAVE_STRUCT_STAT_ST_RDEV 1
| #define HAVE_PTRDIFF_T 1
| #define HAVE_ALLOCA_H 1
| #define HAVE_ALLOCA 1
| /* end confdefs.h.  */
| #include <stdio.h>
| #ifdef HAVE_SYS_TYPES_H
| # include <sys/types.h>
| #endif
| #ifdef HAVE_SYS_STAT_H
| # include <sys/stat.h>
| #endif
| #ifdef STDC_HEADERS
| # include <stdlib.h>
| # include <stddef.h>
| #else
| # ifdef HAVE_STDLIB_H
| #  include <stdlib.h>
| # endif
| #endif
| #ifdef HAVE_STRING_H
| # if !defined STDC_HEADERS && defined HAVE_MEMORY_H
| #  include <memory.h>
| # endif
| # include <string.h>
| #endif
| #ifdef HAVE_STRINGS_H
| # include <strings.h>
| #endif
| #ifdef HAVE_INTTYPES_H
| # include <inttypes.h>
| #endif
| #ifdef HAVE_STDINT_H
| # include <stdint.h>
| #endif
| #ifdef HAVE_UNISTD_H
| # include <unistd.h>
| #endif
| #include <vfork.h>
configure:5773: result: no
configure:5773: checking vfork.h presence
configure:5773: gcc -E  conftest.c
conftest.c:42:19: fatal error: vfork.h: No such file or directory
 #include <vfork.h>
                   ^
compilation terminated.
configure:5773: $? = 1
configure: failed program was:
| /* confdefs.h */
| #define PACKAGE_NAME "lucy"
| #define PACKAGE_TARNAME "lucy"
| #define PACKAGE_VERSION "0.2"
| #define PACKAGE_STRING "lucy 0.2"
| #define PACKAGE_BUGREPORT ""
| #define PACKAGE_URL ""
| #define PACKAGE "lucy"
| #define VERSION "0.2"
| #define STDC_HEADERS 1
| #define HAVE_SYS_TYPES_H 1
| #define HAVE_SYS_STAT_H 1
| #define HAVE_STDLIB_H 1
| #define HAVE_STRING_H 1
| #define HAVE_MEMORY_H 1
| #define HAVE_STRINGS_H 1
| #define HAVE_INTTYPES_H 1
| #define HAVE_STDINT_H 1
| #define HAVE_UNISTD_H 1
| #define HAVE_ARPA_INET_H 1
| #define HAVE_FCNTL_H 1
| #define HAVE_INTTYPES_H 1
| #define HAVE_LIMITS_H 1
| #define HAVE_NETDB_H 1
| #define HAVE_NETINET_IN_H 1
| #define HAVE_STDDEF_H 1
| #define HAVE_STDINT_H 1
| #define HAVE_STDLIB_H 1
| #define HAVE_STRING_H 1
| #define HAVE_SYS_IOCTL_H 1
| #define HAVE_SYS_MOUNT_H 1
| #define HAVE_SYS_SOCKET_H 1
| #define HAVE_SYS_TIME_H 1
| #define HAVE_TERMIOS_H 1
| #define HAVE_UNISTD_H 1
| #define HAVE__BOOL 1
| #define HAVE_STRUCT_STAT_ST_RDEV 1
| #define HAVE_PTRDIFF_T 1
| #define HAVE_ALLOCA_H 1
| #define HAVE_ALLOCA 1
| /* end confdefs.h.  */
| #include <vfork.h>
configure:5773: result: no
configure:5773: checking for vfork.h
configure:5773: result: no
configure:5786: checking for fork
configure:5786: gcc -o conftest -g -O2   conftest.c  >&5
conftest.c:65:6: warning: conflicting types for built-in function 'fork'
 char fork ();
      ^
configure:5786: $? = 0
configure:5786: result: yes
configure:5786: checking for vfork
configure:5786: gcc -o conftest -g -O2   conftest.c  >&5
configure:5786: $? = 0
configure:5786: result: yes
configure:5796: checking for working fork
configure:5818: gcc -o conftest -g -O2   conftest.c  >&5
configure:5818: $? = 0
configure:5818: ./conftest
configure:5818: $? = 0
configure:5828: result: yes
configure:5849: checking for working vfork
configure:5959: result: yes
configure:5984: checking whether lstat correctly handles trailing slash
configure:6010: gcc -o conftest -g -O2   conftest.c  >&5
configure:6010: $? = 0
configure:6010: ./conftest
configure:6010: $? = 0
configure:6027: result: yes
configure:6046: checking whether sys/types.h defines makedev
configure:6062: gcc -o conftest -g -O2   conftest.c  >&5
configure:6062: $? = 0
configure:6071: result: yes
configure:6098: checking for stdlib.h
configure:6098: result: yes
configure:6108: checking for GNU libc compatible malloc
configure:6132: gcc -o conftest -g -O2   conftest.c  >&5
configure:6132: $? = 0
configure:6132: ./conftest
configure:6132: $? = 0
configure:6142: result: yes
configure:6165: checking for stdlib.h
configure:6165: result: yes
configure:6175: checking for GNU libc compatible realloc
configure:6199: gcc -o conftest -g -O2   conftest.c  >&5
configure:6199: $? = 0
configure:6199: ./conftest
configure:6199: $? = 0
configure:6209: result: yes
configure:6233: checking for atexit
configure:6233: gcc -o conftest -g -O2   conftest.c  >&5
configure:6233: $? = 0
configure:6233: result: yes
configure:6233: checking for dup2
configure:6233: gcc -o conftest -g -O2   conftest.c  >&5
configure:6233: $? = 0
configure:6233: result: yes
configure:6233: checking for getcwd
configure:6233: gcc -o conftest -g -O2   conftest.c  >&5
configure:6233: $? = 0
configure:6233: result: yes
configure:6233: checking for gethostbyname
configure:6233: gcc -o conftest -g -O2   conftest.c  >&5
configure:6233: $? = 0
configure:6233: result: yes
configure:6233: checking for gethostname
configure:6233: gcc -o conftest -g -O2   conftest.c  >&5
configure:6233: $? = 0
configure:6233: result: yes
configure:6233: checking for gettimeofday
configure:6233: gcc -o conftest -g -O2   conftest.c  >&5
configure:6233: $? = 0
configure:6233: result: yes
configure:6233: checking for localtime_r
configure:6233: gcc -o conftest -g -O2   conftest.c  >&5
configure:6233: $? = 0
configure:6233: result: yes
configure:6233: checking for memset
configure:6233: gcc -o conftest -g -O2   conftest.c  >&5
conftest.c:81:6: warning: conflicting types for built-in function 'memset'
 char memset ();
      ^
configure:6233: $? = 0
configure:6233: result: yes
configure:6233: checking for mkdir
configure:6233: gcc -o conftest -g -O2   conftest.c  >&5
configure:6233: $? = 0
configure:6233: result: yes
configure:6233: checking for pow
configure:6233: gcc -o conftest -g -O2   conftest.c  >&5
conftest.c:83:6: warning: conflicting types for built-in function 'pow'
 char pow ();
      ^
/tmp/ccx0gRa0.o: In function `main':
/home/wiky/Documents/CODE/Git/lucy/conftest.c:94: undefined reference to `pow'
collect2: error: ld returned 1 exit status
configure:6233: $? = 1
configure: failed program was:
| /* confdefs.h */
| #define PACKAGE_NAME "lucy"
| #define PACKAGE_TARNAME "lucy"
| #define PACKAGE_VERSION "0.2"
| #define PACKAGE_STRING "lucy 0.2"
| #define PACKAGE_BUGREPORT ""
| #define PACKAGE_URL ""
| #define PACKAGE "lucy"
| #define VERSION "0.2"
| #define STDC_HEADERS 1
| #define HAVE_SYS_TYPES_H 1
| #define HAVE_SYS_STAT_H 1
| #define HAVE_STDLIB_H 1
| #define HAVE_STRING_H 1
| #define HAVE_MEMORY_H 1
| #define HAVE_STRINGS_H 1
| #define HAVE_INTTYPES_H 1
| #define HAVE_STDINT_H 1
| #define HAVE_UNISTD_H 1
| #define HAVE_ARPA_INET_H 1
| #define HAVE_FCNTL_H 1
| #define HAVE_INTTYPES_H 1
| #define HAVE_LIMITS_H 1
| #define HAVE_NETDB_H 1
| #define HAVE_NETINET_IN_H 1
| #define HAVE_STDDEF_H 1
| #define HAVE_STDINT_H 1
| #define HAVE_STDLIB_H 1
| #define HAVE_STRING_H 1
| #define HAVE_SYS_IOCTL_H 1
| #define HAVE_SYS_MOUNT_H 1
| #define HAVE_SYS_SOCKET_H 1
| #define HAVE_SYS_TIME_H 1
| #define HAVE_TERMIOS_H 1
| #define HAVE_UNISTD_H 1
| #define HAVE__BOOL 1
| #define HAVE_STRUCT_STAT_ST_RDEV 1
| #define HAVE_PTRDIFF_T 1
| #define HAVE_ALLOCA_H 1
| #define HAVE_ALLOCA 1
| #define HAVE_FORK 1
| #define HAVE_VFORK 1
| #define HAVE_WORKING_VFORK 1
| #define HAVE_WORKING_FORK 1
| #define LSTAT_FOLLOWS_SLASHED_SYMLINK 1
| #define HAVE_STDLIB_H 1
| #define HAVE_MALLOC 1
| #define HAVE_STDLIB_H 1
| #define HAVE_REALLOC 1
| #define HAVE_ATEXIT 1
| #define HAVE_DUP2 1
| #define HAVE_GETCWD 1
| #define HAVE_GETHOSTBYNAME 1
| #define HAVE_GETHOSTNAME 1
| #define HAVE_GETTIMEOFDAY 1
| #define HAVE_LOCALTIME_R 1
| #define HAVE_MEMSET 1
| #define HAVE_MKDIR 1
| /* end confdefs.h.  */
| /* Define pow to an innocuous variant, in case <limits.h> declares pow.
|    For example, HP-UX 11i <limits.h> declares gettimeofday.  */
| #define pow innocuous_pow
| 
| /* System header to define __stub macros and hopefully few prototypes,
|     which can conflict with char pow (); below.
|     Prefer <limits.h> to <assert.h> if __STDC__ is defined, since
|     <limits.h> exists even on freestanding compilers.  */
| 
| #ifdef __STDC__
| # include <limits.h>
| #else
| # include <assert.h>
| #endif
| 
| #undef pow
| 
| /* Override any GCC internal prototype to avoid an error.
|    Use char because int might match the return type of a GCC
|    builtin and then its argument prototype would still apply.  */
| #ifdef __cplusplus
| extern "C"
| #endif
| char pow ();
| /* The GNU C library defines this for functions which it implements
|     to always fail with ENOSYS.  Some functions are actually named
|     something starting with __ and the normal name is an alias.  */
| #if defined __stub_pow || defined __stub___pow
| choke me
| #endif
| 
| int
| main ()
| {
| return pow ();
|   ;
|   return 0;
| }
configure:6233: result: no
configure:6233: checking for select
configure:6233: gcc -o conftest -g -O2   conftest.c  >&5
configure:6233: $? = 0
configure:6233: result: yes
configure:6233: checking for setenv
configure:6233: gcc -o conftest -g -O2   conftest.c  >&5
configure:6233: $? = 0
configure:6233: result: yes
configure:6233: checking for socket
configure:6233: gcc -o conftest -g -O2   conftest.c  >&5
configure:6233: $? = 0
configure:6233: result: yes
configure:6233: checking for strchr
configure:6233: gcc -o conftest -g -O2   conftest.c  >&5
conftest.c:86:6: warning: conflicting types for built-in function 'strchr'
 char strchr ();
      ^
configure:6233: $? = 0
configure:6233: result: yes
configure:6233: checking for strdup
configure:6233: gcc -o conftest -g -O2   conftest.c  >&5
conftest.c:87:6: warning: conflicting types for built-in function 'strdup'
 char strdup ();
      ^
configure:6233: $? = 0
configure:6233: result: yes
configure:6233: checking for strerror
configure:6233: gcc -o conftest -g -O2   conftest.c  >&5
configure:6233: $? = 0
configure:6233: result: yes
configure:6233: checking for strpbrk
configure:6233: gcc -o conftest -g -O2   conftest.c  >&5
conftest.c:89:6: warning: conflicting types for built-in function 'strpbrk'
 char strpbrk ();
      ^
configure:6233: $? = 0
configure:6233: result: yes
configure:6233: checking for strrchr
configure:6233: gcc -o conftest -g -O2   conftest.c  >&5
conftest.c:90:6: warning: conflicting types for built-in function 'strrchr'
 char strrchr ();
      ^
configure:6233: $? = 0
configure:6233: result: yes
configure:6233: checking for strtol
configure:6233: gcc -o conftest -g -O2   conftest.c  >&5
configure:6233: $? = 0
configure:6233: result: yes
configure:6233: checking for strtoul
configure:6233: gcc -o conftest -g -O2   conftest.c  >&5
configure:6233: $? = 0
configure:6233: result: yes
configure:6233: checking for tzset
configure:6233: gcc -o conftest -g -O2   conftest.c  >&5
configure:6233: $? = 0
configure:6233: result: yes
configure:6354: checking that generated files are newer than configure
configure:6360: result: done
configure:6387: creating ./config.status

## ---------------- ##
## Cache variables. ##
## ---------------- ##

ac_cv_c_compiler_gnu=yes
ac_cv_c_inline=inline
ac_cv_c_int64_t=yes
ac_cv_c_uint32_t=yes
ac_cv_c_uint64_t=yes
ac_cv_c_uint8_t=yes
ac_cv_cxx_compiler_gnu=yes
ac_cv_env_CCC_set=
ac_cv_env_CCC_value=
ac_cv_env_CC_set=
ac_cv_env_CC_value=
ac_cv_env_CFLAGS_set=
ac_cv_env_CFLAGS_value=
ac_cv_env_CPPFLAGS_set=
ac_cv_env_CPPFLAGS_value=
ac_cv_env_CPP_set=
ac_cv_env_CPP_value=
ac_cv_env_CXXFLAGS_set=
ac_cv_env_CXXFLAGS_value=
ac_cv_env_CXX_set=
ac_cv_env_CXX_value=
ac_cv_env_LDFLAGS_set=
ac_cv_env_LDFLAGS_value=
ac_cv_env_LIBS_set=
ac_cv_env_LIBS_value=
ac_cv_env_LUCY_CFLAGS_set=
ac_cv_env_LUCY_CFLAGS_value=
ac_cv_env_LUCY_LIBS_set=
ac_cv_env_LUCY_LIBS_value=
ac_cv_env_PKG_CONFIG_LIBDIR_set=
ac_cv_env_PKG_CONFIG_LIBDIR_value=
ac_cv_env_PKG_CONFIG_PATH_set=
ac_cv_env_PKG_CONFIG_PATH_value=
ac_cv_env_PKG_CONFIG_set=
ac_cv_env_PKG_CONFIG_value=
ac_cv_env_build_alias_set=
ac_cv_env_build_alias_value=
ac_cv_env_host_alias_set=
ac_cv_env_host_alias_value=
ac_cv_env_target_alias_set=
ac_cv_env_target_alias_value=
ac_cv_func_alloca_works=yes
ac_cv_func_atexit=yes
ac_cv_func_dup2=yes
ac_cv_func_fork=yes
ac_cv_func_fork_works=yes
ac_cv_func_getcwd=yes
ac_cv_func_gethostbyname=yes
ac_cv_func_gethostname=yes
ac_cv_func_gettimeofday=yes
ac_cv_func_localtime_r=yes
ac_cv_func_lstat_dereferences_slashed_symlink=yes
ac_cv_func_malloc_0_nonnull=yes
ac_cv_func_memset=yes
ac_cv_func_mkdir=yes
ac_cv_func_pow=no
ac_cv_func_realloc_0_nonnull=yes
ac_cv_func_select=yes
ac_cv_func_setenv=yes
ac_cv_func_socket=yes
ac_cv_func_strchr=yes
ac_cv_func_strdup=yes
ac_cv_func_strerror=yes
ac_cv_func_strpbrk=yes
ac_cv_func_strrchr=yes
ac_cv_func_strtol=yes
ac_cv_func_strtoul=yes
ac_cv_func_tzset=yes
ac_cv_func_vfork=yes
ac_cv_func_vfork_works=yes
ac_cv_header_arpa_inet_h=yes
ac_cv_header_fcntl_h=yes
ac_cv_header_inttypes_h=yes
ac_cv_header_limits_h=yes
ac_cv_header_memory_h=yes
ac_cv_header_netdb_h=yes
ac_cv_header_netinet_in_h=yes
ac_cv_header_stdbool_h=yes
ac_cv_header_stdc=yes
ac_cv_header_stddef_h=yes
ac_cv_header_stdint_h=yes
ac_cv_header_stdlib_h=yes
ac_cv_header_string_h=yes
ac_cv_header_strings_h=yes
ac_cv_header_sys_ioctl_h=yes
ac_cv_header_sys_mount_h=yes
ac_cv_header_sys_socket_h=yes
ac_cv_header_sys_stat_h=yes
ac_cv_header_sys_time_h=yes
ac_cv_header_sys_types_h=yes
ac_cv_header_sys_types_h_makedev=yes
ac_cv_header_termios_h=yes
ac_cv_header_unistd_h=yes
ac_cv_header_vfork_h=no
ac_cv_member_struct_stat_st_rdev=yes
ac_cv_objext=o
ac_cv_path_EGREP='/bin/grep -E'
ac_cv_path_GREP=/bin/grep
ac_cv_path_ac_pt_PKG_CONFIG=/usr/bin/pkg-config
ac_cv_path_install='/usr/bin/install -c'
ac_cv_path_mkdir=/bin/mkdir
ac_cv_prog_AWK=gawk
ac_cv_prog_CPP='gcc -E'
ac_cv_prog_ac_ct_CC=gcc
ac_cv_prog_ac_ct_CXX=g++
ac_cv_prog_ac_ct_RANLIB=ranlib
ac_cv_prog_cc_c89=
ac_cv_prog_cc_g=yes
ac_cv_prog_cxx_g=yes
ac_cv_prog_make_make_set=yes
ac_cv_type__Bool=yes
ac_cv_type_mode_t=yes
ac_cv_type_pid_t=yes
ac_cv_type_ptrdiff_t=yes
ac_cv_type_size_t=yes
ac_cv_type_ssize_t=yes
ac_cv_type_uid_t=yes
ac_cv_working_alloca_h=yes
am_cv_CC_dependencies_compiler_type=gcc3
am_cv_CXX_dependencies_compiler_type=gcc3
am_cv_make_support_nested_variables=yes
am_cv_prog_cc_c_o=yes
pkg_cv_LUCY_CFLAGS='-pthread -I/usr/include/gtk-3.0 -I/usr/include/at-spi2-atk/2.0 -I/usr/include/at-spi-2.0 -I/usr/include/dbus-1.0 -I/usr/lib/x86_64-linux-gnu/dbus-1.0/include -I/usr/include/gtk-3.0 -I/usr/include/gio-unix-2.0/ -I/usr/include/mirclient -I/usr/include/mircommon -I/usr/include/cairo -I/usr/include/pango-1.0 -I/usr/include/harfbuzz -I/usr/include/pango-1.0 -I/usr/include/atk-1.0 -I/usr/include/cairo -I/usr/include/pixman-1 -I/usr/include/freetype2 -I/usr/include/libpng12 -I/usr/lib/x86_64-linux-gnu/libzip/include -I/usr/include/gdk-pixbuf-2.0 -I/usr/include/libpng12 -I/usr/include/json-glib-1.0 -I/usr/include/glib-2.0 -I/usr/lib/x86_64-linux-gnu/glib-2.0/include '
pkg_cv_LUCY_LIBS='-lgtk-3 -lgdk-3 -lpangocairo-1.0 -lpango-1.0 -latk-1.0 -lcairo-gobject -lcairo -lssl -lcrypto -lzip -lz -lnotify -lgdk_pixbuf-2.0 -ljson-glib-1.0 -lgio-2.0 -lgobject-2.0 -lglib-2.0 '

## ----------------- ##
## Output variables. ##
## ----------------- ##

ACLOCAL='${SHELL} /home/wiky/Documents/CODE/Git/lucy/missing aclocal-1.14'
ALLOCA=''
AMDEPBACKSLASH='\'
AMDEP_FALSE='#'
AMDEP_TRUE=''
AMTAR='$${TAR-tar}'
AM_BACKSLASH='\'
AM_DEFAULT_V='$(AM_DEFAULT_VERBOSITY)'
AM_DEFAULT_VERBOSITY='0'
AM_V='$(V)'
AUTOCONF='${SHELL} /home/wiky/Documents/CODE/Git/lucy/missing autoconf'
AUTOHEADER='${SHELL} /home/wiky/Documents/CODE/Git/lucy/missing autoheader'
AUTOMAKE='${SHELL} /home/wiky/Documents/CODE/Git/lucy/missing automake-1.14'
AWK='gawk'
CC='gcc'
CCDEPMODE='depmode=gcc3'
CFLAGS='-g -O2'
CPP='gcc -E'
CPPFLAGS=''
CXX='g++'
CXXDEPMODE='depmode=gcc3'
CXXFLAGS='-g -O2'
CYGPATH_W='echo'
DEFS='-DHAVE_CONFIG_H'
DEPDIR='.deps'
ECHO_C=''
ECHO_N='-n'
ECHO_T=''
EGREP='/bin/grep -E'
EXEEXT=''
GREP='/bin/grep'
INSTALL_DATA='${INSTALL} -m 644'
INSTALL_PROGRAM='${INSTALL}'
INSTALL_SCRIPT='${INSTALL}'
INSTALL_STRIP_PROGRAM='$(install_sh) -c -s'
LDFLAGS=''
LIBOBJS=''
LIBS=''
LTLIBOBJS=''
LUCY_CFLAGS='-pthread -I/usr/include/gtk-3.0 -I/usr/include/at-spi2-atk/2.0 -I/usr/include/at-spi-2.0 -I/usr/include/dbus-1.0 -I/usr/lib/x86_64-linux-gnu/dbus-1.0/include -I/usr/include/gtk-3.0 -I/usr/include/gio-unix-2.0/ -I/usr/include/mirclient -I/usr/include/mircommon -I/usr/include/cairo -I/usr/include/pango-1.0 -I/usr/include/harfbuzz -I/usr/include/pango-1.0 -I/usr/include/atk-1.0 -I/usr/include/cairo -I/usr/include/pixman-1 -I/usr/include/freetype2 -I/usr/include/libpng12 -I/usr/lib/x86_64-linux-gnu/libzip/include -I/usr/include/gdk-pixbuf-2.0 -I/usr/include/libpng12 -I/usr/include/json-glib-1.0 -I/usr/include/glib-2.0 -I/usr/lib/x86_64-linux-gnu/glib-2.0/include '
LUCY_LIBS='-lgtk-3 -lgdk-3 -lpangocairo-1.0 -lpango-1.0 -latk-1.0 -lcairo-gobject -lcairo -lssl -lcrypto -lzip -lz -lnotify -lgdk_pixbuf-2.0 -ljson-glib-1.0 -lgio-2.0 -lgobject-2.0 -lglib-2.0 '
MAKEINFO='${SHELL} /home/wiky/Documents/CODE/Git/lucy/missing makeinfo'
MKDIR_P='/bin/mkdir -p'
OBJEXT='o'
PACKAGE='lucy'
PACKAGE_BUGREPORT=''
PACKAGE_NAME='lucy'
PACKAGE_STRING='lucy 0.2'
PACKAGE_TARNAME='lucy'
PACKAGE_URL=''
PACKAGE_VERSION='0.2'
PATH_SEPARATOR=':'
PKG_CONFIG='/usr/bin/pkg-config'
PKG_CONFIG_LIBDIR=''
PKG_CONFIG_PATH=''
RANLIB='ranlib'
SET_MAKE=''
SHELL='/bin/bash'
STRIP=''
VERSION='0.2'
ac_ct_CC='gcc'
ac_ct_CXX='g++'
am__EXEEXT_FALSE=''
am__EXEEXT_TRUE='#'
am__fastdepCC_FALSE='#'
am__fastdepCC_TRUE=''
am__fastdepCXX_FALSE='#'
am__fastdepCXX_TRUE=''
am__include='include'
am__isrc=''
am__leading_dot='.'
am__nodep='_no'
am__quote=''
am__tar='$${TAR-tar} chof - "$$tardir"'
am__untar='$${TAR-tar} xf -'
bindir='${exec_prefix}/bin'
build_alias=''
datadir='${datarootdir}'
datarootdir='${prefix}/share'
docdir='${datarootdir}/doc/${PACKAGE_TARNAME}'
dvidir='${docdir}'
exec_prefix='${prefix}'
host_alias=''
htmldir='${docdir}'
includedir='${prefix}/include'
infodir='${datarootdir}/info'
install_sh='${SHELL} /home/wiky/Documents/CODE/Git/lucy/install-sh'
libdir='${exec_prefix}/lib'
libexecdir='${exec_prefix}/libexec'
localedir='${datarootdir}/locale'
localstatedir='${prefix}/var'
mandir='${datarootdir}/man'
mkdir_p='$(MKDIR_P)'
oldincludedir='/usr/include'
pdfdir='${docdir}'
prefix='/usr/local'
program_transform_name='s,x,x,'
psdir='${docdir}'
sbindir='${exec_prefix}/sbin'
sharedstatedir='${prefix}/com'
sysconfdir='${prefix}/etc'
target_alias=''

## ----------- ##
## confdefs.h. ##
## ----------- ##

/* confdefs.h */
#define PACKAGE_NAME "lucy"
#define PACKAGE_TARNAME "lucy"
#define PACKAGE_VERSION "0.2"
#define PACKAGE_STRING "lucy 0.2"
#define PACKAGE_BUGREPORT ""
#define PACKAGE_URL ""
#define PACKAGE "lucy"
#define VERSION "0.2"
#define STDC_HEADERS 1
#define HAVE_SYS_TYPES_H 1
#define HAVE_SYS_STAT_H 1
#define HAVE_STDLIB_H 1
#define HAVE_STRING_H 1
#define HAVE_MEMORY_H 1
#define HAVE_STRINGS_H 1
#define HAVE_INTTYPES_H 1
#define HAVE_STDINT_H 1
#define HAVE_UNISTD_H 1
#define HAVE_ARPA_INET_H 1
#define HAVE_FCNTL_H 1
#define HAVE_INTTYPES_H 1
#define HAVE_LIMITS_H 1
#define HAVE_NETDB_H 1
#define HAVE_NETINET_IN_H 1
#define HAVE_STDDEF_H 1
#define HAVE_STDINT_H 1
#define HAVE_STDLIB_H 1
#define HAVE_STRING_H 1
#define HAVE_SYS_IOCTL_H 1
#define HAVE_SYS_MOUNT_H 1
#define HAVE_SYS_SOCKET_H 1
#define HAVE_SYS_TIME_H 1
#define HAVE_TERMIOS_H 1
#define HAVE_UNISTD_H 1
#define HAVE__BOOL 1
#define HAVE_STRUCT_STAT_ST_RDEV 1
#define HAVE_PTRDIFF_T 1
#define HAVE_ALLOCA_H 1
#define HAVE_ALLOCA 1
#define HAVE_FORK 1
#define HAVE_VFORK 1
#define HAVE_WORKING_VFORK 1
#define HAVE_WORKING_FORK 1
#define LSTAT_FOLLOWS_SLASHED_SYMLINK 1
#define HAVE_STDLIB_H 1
#define HAVE_MALLOC 1
#define HAVE_STDLIB_H 1
#define HAVE_REALLOC 1
#define HAVE_ATEXIT 1
#define HAVE_DUP2 1
#define HAVE_GETCWD 1
#define HAVE_GETHOSTBYNAME 1
#define HAVE_GETHOSTNAME 1
#define HAVE_GETTIMEOFDAY 1
#define HAVE_LOCALTIME_R 1
#define HAVE_MEMSET 1
#define HAVE_MKDIR 1
#define HAVE_SELECT 1
#define HAVE_SETENV 1
#define HAVE_SOCKET 1
#define HAVE_STRCHR 1
#define HAVE_STRDUP 1
#define HAVE_STRERROR 1
#define HAVE_STRPBRK 1
#define HAVE_STRRCHR 1
#define HAVE_STRTOL 1
#define HAVE_STRTOUL 1
#define HAVE_TZSET 1

configure: exit 0

## ---------------------- ##
## Running config.status. ##
## ---------------------- ##

This file was extended by lucy config.status 0.2, which was
generated by GNU Autoconf 2.69.  Invocation command line was

  CONFIG_FILES    = 
  CONFIG_HEADERS  = 
  CONFIG_LINKS    = 
  CONFIG_COMMANDS = 
  $ ./config.status 

on thunder

config.status:925: creating Makefile
config.status:925: creating src/Makefile
config.status:925: creating res/Makefile
config.status:925: creating src/libadb/Makefile
config.status:925: creating src/libadb/libzipfile/Makefile
config.status:925: creating src/libadb/libcutils/Makefile
config.status:925: creating config.h
config.status:1106: config.h is unchanged
config.status:1154: executing depfiles commands

## ---------------------- ##
## Running config.status. ##
## ---------------------- ##

This file was extended by lucy config.status 0.2, which was
generated by GNU Autoconf 2.69.  Invocation command line was

  CONFIG_FILES    = 
  CONFIG_HEADERS  = 
  CONFIG_LINKS    = 
  CONFIG_COMMANDS = 
  $ ./config.status config.h

on thunder

config.status:925: creating config.h
config.status:1106: config.h is unchanged
